{"D:\\Usuarios\\20231144010038\\Downloads\\PRESSURE-GYM-master-main\\100-ruim-de-aturar\\codigo\\PROJETO-ACADEMIA-master\\TS\\acesso-aluno.ts": {"path":"D:\\Usuarios\\20231144010038\\Downloads\\PRESSURE-GYM-master-main\\100-ruim-de-aturar\\codigo\\PROJETO-ACADEMIA-master\\TS\\acesso-aluno.ts","statementMap":{"0":{"start":{"line":2,"column":29},"end":{"line":17,"column":3}},"1":{"start":{"line":3,"column":18},"end":{"line":3,"column":67}},"2":{"start":{"line":6,"column":54},"end":{"line":8,"column":6}},"3":{"start":{"line":10,"column":4},"end":{"line":14,"column":5}},"4":{"start":{"line":11,"column":6},"end":{"line":11,"column":48}},"5":{"start":{"line":13,"column":6},"end":{"line":13,"column":60}},"6":{"start":{"line":16,"column":4},"end":{"line":16,"column":40}},"7":{"start":{"line":2,"column":13},"end":{"line":2,"column":29}}},"fnMap":{"0":{"name":"(anonymous_0)","decl":{"start":{"line":2,"column":29},"end":{"line":2,"column":40}},"loc":{"start":{"line":2,"column":42},"end":{"line":17,"column":3}}}},"branchMap":{"0":{"loc":{"start":{"line":3,"column":29},"end":{"line":3,"column":66}},"type":"binary-expr","locations":[{"start":{"line":3,"column":29},"end":{"line":3,"column":58}},{"start":{"line":3,"column":62},"end":{"line":3,"column":66}}]},"1":{"loc":{"start":{"line":10,"column":4},"end":{"line":14,"column":5}},"type":"if","locations":[{"start":{"line":10,"column":4},"end":{"line":14,"column":5}},{"start":{"line":12,"column":11},"end":{"line":14,"column":5}}]},"2":{"loc":{"start":{"line":10,"column":8},"end":{"line":10,"column":27}},"type":"binary-expr","locations":[{"start":{"line":10,"column":8},"end":{"line":10,"column":13}},{"start":{"line":10,"column":17},"end":{"line":10,"column":27}}]}},"s":{"0":1,"1":3,"2":3,"3":3,"4":1,"5":2,"6":3,"7":1},"f":{"0":3},"b":{"0":[3,1],"1":[1,2],"2":[3,3]}}
,"D:\\Usuarios\\20231144010038\\Downloads\\PRESSURE-GYM-master-main\\100-ruim-de-aturar\\codigo\\PROJETO-ACADEMIA-master\\TS\\aluno.ts": {"path":"D:\\Usuarios\\20231144010038\\Downloads\\PRESSURE-GYM-master-main\\100-ruim-de-aturar\\codigo\\PROJETO-ACADEMIA-master\\TS\\aluno.ts","statementMap":{"0":{"start":{"line":1,"column":0},"end":{"line":1,"column":31}},"1":{"start":{"line":12,"column":6},"end":{"line":12,"column":31}},"2":{"start":{"line":15,"column":6},"end":{"line":17,"column":7}},"3":{"start":{"line":16,"column":10},"end":{"line":16,"column":43}},"4":{"start":{"line":18,"column":6},"end":{"line":20,"column":7}},"5":{"start":{"line":19,"column":10},"end":{"line":19,"column":65}},"6":{"start":{"line":21,"column":6},"end":{"line":23,"column":7}},"7":{"start":{"line":22,"column":10},"end":{"line":22,"column":63}},"8":{"start":{"line":25,"column":6},"end":{"line":25,"column":21}},"9":{"start":{"line":26,"column":6},"end":{"line":26,"column":27}},"10":{"start":{"line":27,"column":6},"end":{"line":27,"column":23}},"11":{"start":{"line":28,"column":6},"end":{"line":28,"column":29}},"12":{"start":{"line":29,"column":6},"end":{"line":29,"column":25}},"13":{"start":{"line":34,"column":6},"end":{"line":34,"column":34}},"14":{"start":{"line":39,"column":6},"end":{"line":48,"column":7}},"15":{"start":{"line":40,"column":10},"end":{"line":40,"column":35}},"16":{"start":{"line":41,"column":10},"end":{"line":41,"column":42}},"17":{"start":{"line":42,"column":10},"end":{"line":42,"column":48}},"18":{"start":{"line":43,"column":10},"end":{"line":43,"column":44}},"19":{"start":{"line":44,"column":10},"end":{"line":44,"column":50}},"20":{"start":{"line":45,"column":10},"end":{"line":45,"column":46}},"21":{"start":{"line":47,"column":10},"end":{"line":47,"column":71}},"22":{"start":{"line":2,"column":0},"end":{"line":2,"column":13}},"23":{"start":{"line":53,"column":0},"end":{"line":59,"column":1}},"24":{"start":{"line":54,"column":17},"end":{"line":54,"column":98}},"25":{"start":{"line":56,"column":2},"end":{"line":56,"column":34}},"26":{"start":{"line":58,"column":2},"end":{"line":58,"column":49}}},"fnMap":{"0":{"name":"(anonymous_0)","decl":{"start":{"line":10,"column":2},"end":{"line":10,"column":14}},"loc":{"start":{"line":10,"column":130},"end":{"line":30,"column":3}}},"1":{"name":"(anonymous_1)","decl":{"start":{"line":33,"column":10},"end":{"line":33,"column":20}},"loc":{"start":{"line":33,"column":32},"end":{"line":35,"column":3}}},"2":{"name":"(anonymous_2)","decl":{"start":{"line":38,"column":2},"end":{"line":38,"column":24}},"loc":{"start":{"line":38,"column":24},"end":{"line":49,"column":3}}}},"branchMap":{"0":{"loc":{"start":{"line":15,"column":6},"end":{"line":17,"column":7}},"type":"if","locations":[{"start":{"line":15,"column":6},"end":{"line":17,"column":7}}]},"1":{"loc":{"start":{"line":18,"column":6},"end":{"line":20,"column":7}},"type":"if","locations":[{"start":{"line":18,"column":6},"end":{"line":20,"column":7}}]},"2":{"loc":{"start":{"line":18,"column":10},"end":{"line":18,"column":54}},"type":"binary-expr","locations":[{"start":{"line":18,"column":10},"end":{"line":18,"column":31}},{"start":{"line":18,"column":35},"end":{"line":18,"column":54}}]},"3":{"loc":{"start":{"line":21,"column":6},"end":{"line":23,"column":7}},"type":"if","locations":[{"start":{"line":21,"column":6},"end":{"line":23,"column":7}}]},"4":{"loc":{"start":{"line":21,"column":10},"end":{"line":21,"column":50}},"type":"binary-expr","locations":[{"start":{"line":21,"column":10},"end":{"line":21,"column":29}},{"start":{"line":21,"column":33},"end":{"line":21,"column":50}}]}},"s":{"0":1,"1":3,"2":3,"3":0,"4":3,"5":0,"6":3,"7":0,"8":3,"9":3,"10":3,"11":3,"12":3,"13":3,"14":2,"15":2,"16":2,"17":2,"18":2,"19":2,"20":2,"21":0,"22":1,"23":1,"24":1,"25":1,"26":0},"f":{"0":3,"1":3,"2":2},"b":{"0":[0],"1":[0],"2":[3,3],"3":[0],"4":[3,3]}}
,"D:\\Usuarios\\20231144010038\\Downloads\\PRESSURE-GYM-master-main\\100-ruim-de-aturar\\codigo\\PROJETO-ACADEMIA-master\\TS\\cadastroAluno.ts": {"path":"D:\\Usuarios\\20231144010038\\Downloads\\PRESSURE-GYM-master-main\\100-ruim-de-aturar\\codigo\\PROJETO-ACADEMIA-master\\TS\\cadastroAluno.ts","statementMap":{"0":{"start":{"line":60,"column":2},"end":{"line":60,"column":18}},"1":{"start":{"line":65,"column":2},"end":{"line":65,"column":18}},"2":{"start":{"line":9,"column":6},"end":{"line":9,"column":23}},"3":{"start":{"line":10,"column":6},"end":{"line":10,"column":25}},"4":{"start":{"line":11,"column":6},"end":{"line":11,"column":23}},"5":{"start":{"line":15,"column":6},"end":{"line":15,"column":40}},"6":{"start":{"line":16,"column":6},"end":{"line":16,"column":42}},"7":{"start":{"line":17,"column":6},"end":{"line":17,"column":40}},"8":{"start":{"line":3,"column":0},"end":{"line":3,"column":13}},"9":{"start":{"line":40,"column":6},"end":{"line":40,"column":31}},"10":{"start":{"line":41,"column":6},"end":{"line":41,"column":21}},"11":{"start":{"line":42,"column":6},"end":{"line":42,"column":25}},"12":{"start":{"line":43,"column":6},"end":{"line":43,"column":25}},"13":{"start":{"line":44,"column":6},"end":{"line":44,"column":31}},"14":{"start":{"line":45,"column":6},"end":{"line":45,"column":27}},"15":{"start":{"line":46,"column":6},"end":{"line":46,"column":23}},"16":{"start":{"line":50,"column":6},"end":{"line":50,"column":31}},"17":{"start":{"line":51,"column":6},"end":{"line":51,"column":38}},"18":{"start":{"line":52,"column":6},"end":{"line":52,"column":42}},"19":{"start":{"line":53,"column":6},"end":{"line":53,"column":42}},"20":{"start":{"line":54,"column":6},"end":{"line":54,"column":48}},"21":{"start":{"line":55,"column":6},"end":{"line":55,"column":45}},"22":{"start":{"line":56,"column":6},"end":{"line":56,"column":42}},"23":{"start":{"line":21,"column":2},"end":{"line":21,"column":15}},"24":{"start":{"line":61,"column":21},"end":{"line":61,"column":47}},"25":{"start":{"line":62,"column":4},"end":{"line":62,"column":34}},"26":{"start":{"line":66,"column":4},"end":{"line":66,"column":54}},"27":{"start":{"line":69,"column":15},"end":{"line":69,"column":84}}},"fnMap":{"0":{"name":"(anonymous_0)","decl":{"start":{"line":8,"column":4},"end":{"line":8,"column":16}},"loc":{"start":{"line":8,"column":57},"end":{"line":12,"column":5}}},"1":{"name":"(anonymous_1)","decl":{"start":{"line":14,"column":4},"end":{"line":14,"column":21}},"loc":{"start":{"line":14,"column":21},"end":{"line":18,"column":5}}},"2":{"name":"(anonymous_2)","decl":{"start":{"line":29,"column":4},"end":{"line":29,"column":null}},"loc":{"start":{"line":38,"column":18},"end":{"line":47,"column":5}}},"3":{"name":"(anonymous_3)","decl":{"start":{"line":49,"column":4},"end":{"line":49,"column":26}},"loc":{"start":{"line":49,"column":26},"end":{"line":57,"column":5}}},"4":{"name":"validarCPF","decl":{"start":{"line":60,"column":18},"end":{"line":60,"column":28}},"loc":{"start":{"line":60,"column":40},"end":{"line":63,"column":3}}},"5":{"name":"mostrarMensagem","decl":{"start":{"line":65,"column":18},"end":{"line":65,"column":33}},"loc":{"start":{"line":65,"column":76},"end":{"line":67,"column":3}}}},"branchMap":{},"s":{"0":1,"1":1,"2":4,"3":4,"4":4,"5":2,"6":2,"7":2,"8":1,"9":2,"10":2,"11":2,"12":2,"13":2,"14":2,"15":2,"16":1,"17":1,"18":1,"19":1,"20":1,"21":1,"22":1,"23":1,"24":2,"25":2,"26":0,"27":1},"f":{"0":4,"1":2,"2":2,"3":1,"4":2,"5":0},"b":{}}
,"D:\\Usuarios\\20231144010038\\Downloads\\PRESSURE-GYM-master-main\\100-ruim-de-aturar\\codigo\\PROJETO-ACADEMIA-master\\TS\\exercícios.ts": {"path":"D:\\Usuarios\\20231144010038\\Downloads\\PRESSURE-GYM-master-main\\100-ruim-de-aturar\\codigo\\PROJETO-ACADEMIA-master\\TS\\exercícios.ts","statementMap":{"0":{"start":{"line":12,"column":6},"end":{"line":12,"column":23}},"1":{"start":{"line":13,"column":6},"end":{"line":13,"column":23}},"2":{"start":{"line":14,"column":6},"end":{"line":16,"column":7}},"3":{"start":{"line":15,"column":8},"end":{"line":15,"column":31}},"4":{"start":{"line":17,"column":6},"end":{"line":20,"column":7}},"5":{"start":{"line":18,"column":8},"end":{"line":18,"column":37}},"6":{"start":{"line":19,"column":8},"end":{"line":19,"column":29}},"7":{"start":{"line":21,"column":6},"end":{"line":21,"column":33}},"8":{"start":{"line":26,"column":6},"end":{"line":26,"column":45}},"9":{"start":{"line":27,"column":6},"end":{"line":27,"column":40}},"10":{"start":{"line":28,"column":6},"end":{"line":30,"column":7}},"11":{"start":{"line":29,"column":8},"end":{"line":29,"column":56}},"12":{"start":{"line":31,"column":6},"end":{"line":34,"column":7}},"13":{"start":{"line":32,"column":8},"end":{"line":32,"column":64}},"14":{"start":{"line":33,"column":8},"end":{"line":33,"column":46}},"15":{"start":{"line":35,"column":6},"end":{"line":37,"column":7}},"16":{"start":{"line":36,"column":8},"end":{"line":36,"column":52}},"17":{"start":{"line":2,"column":0},"end":{"line":2,"column":13}},"18":{"start":{"line":41,"column":18},"end":{"line":41,"column":100}},"19":{"start":{"line":42,"column":17},"end":{"line":42,"column":96}},"20":{"start":{"line":45,"column":0},"end":{"line":53,"column":1}},"21":{"start":{"line":46,"column":18},"end":{"line":46,"column":100}},"22":{"start":{"line":47,"column":2},"end":{"line":47,"column":30}},"23":{"start":{"line":49,"column":17},"end":{"line":49,"column":96}},"24":{"start":{"line":50,"column":2},"end":{"line":50,"column":29}},"25":{"start":{"line":52,"column":2},"end":{"line":52,"column":53}}},"fnMap":{"0":{"name":"(anonymous_0)","decl":{"start":{"line":11,"column":4},"end":{"line":11,"column":16}},"loc":{"start":{"line":11,"column":118},"end":{"line":22,"column":5}}},"1":{"name":"(anonymous_1)","decl":{"start":{"line":25,"column":4},"end":{"line":25,"column":21}},"loc":{"start":{"line":25,"column":21},"end":{"line":38,"column":5}}}},"branchMap":{"0":{"loc":{"start":{"line":14,"column":6},"end":{"line":16,"column":7}},"type":"if","locations":[{"start":{"line":14,"column":6},"end":{"line":16,"column":7}}]},"1":{"loc":{"start":{"line":14,"column":10},"end":{"line":14,"column":38}},"type":"binary-expr","locations":[{"start":{"line":14,"column":10},"end":{"line":14,"column":27}},{"start":{"line":14,"column":31},"end":{"line":14,"column":38}}]},"2":{"loc":{"start":{"line":17,"column":6},"end":{"line":20,"column":7}},"type":"if","locations":[{"start":{"line":17,"column":6},"end":{"line":20,"column":7}}]},"3":{"loc":{"start":{"line":17,"column":10},"end":{"line":17,"column":55}},"type":"binary-expr","locations":[{"start":{"line":17,"column":10},"end":{"line":17,"column":31}},{"start":{"line":17,"column":35},"end":{"line":17,"column":45}},{"start":{"line":17,"column":49},"end":{"line":17,"column":55}}]},"4":{"loc":{"start":{"line":28,"column":6},"end":{"line":30,"column":7}},"type":"if","locations":[{"start":{"line":28,"column":6},"end":{"line":30,"column":7}}]},"5":{"loc":{"start":{"line":28,"column":10},"end":{"line":28,"column":48}},"type":"binary-expr","locations":[{"start":{"line":28,"column":10},"end":{"line":28,"column":32}},{"start":{"line":28,"column":36},"end":{"line":28,"column":48}}]},"6":{"loc":{"start":{"line":31,"column":6},"end":{"line":34,"column":7}},"type":"if","locations":[{"start":{"line":31,"column":6},"end":{"line":34,"column":7}}]},"7":{"loc":{"start":{"line":31,"column":10},"end":{"line":31,"column":70}},"type":"binary-expr","locations":[{"start":{"line":31,"column":10},"end":{"line":31,"column":36}},{"start":{"line":31,"column":40},"end":{"line":31,"column":55}},{"start":{"line":31,"column":59},"end":{"line":31,"column":70}}]},"8":{"loc":{"start":{"line":35,"column":6},"end":{"line":37,"column":7}},"type":"if","locations":[{"start":{"line":35,"column":6},"end":{"line":37,"column":7}}]}},"s":{"0":8,"1":8,"2":8,"3":5,"4":8,"5":3,"6":3,"7":8,"8":4,"9":4,"10":4,"11":3,"12":4,"13":1,"14":1,"15":4,"16":3,"17":1,"18":1,"19":1,"20":1,"21":1,"22":1,"23":1,"24":1,"25":0},"f":{"0":8,"1":4},"b":{"0":[5],"1":[8,5],"2":[3],"3":[8,3,3],"4":[3],"5":[4,3],"6":[1],"7":[4,1,1],"8":[3]}}
,"D:\\Usuarios\\20231144010038\\Downloads\\PRESSURE-GYM-master-main\\100-ruim-de-aturar\\codigo\\PROJETO-ACADEMIA-master\\TS\\novos-saves.ts": {"path":"D:\\Usuarios\\20231144010038\\Downloads\\PRESSURE-GYM-master-main\\100-ruim-de-aturar\\codigo\\PROJETO-ACADEMIA-master\\TS\\novos-saves.ts","statementMap":{"0":{"start":{"line":1,"column":0},"end":{"line":1,"column":16}},"1":{"start":{"line":20,"column":2},"end":{"line":20,"column":18}},"2":{"start":{"line":37,"column":2},"end":{"line":37,"column":18}},"3":{"start":{"line":52,"column":2},"end":{"line":52,"column":18}},"4":{"start":{"line":2,"column":17},"end":{"line":2,"column":43}},"5":{"start":{"line":3,"column":18},"end":{"line":3,"column":55}},"6":{"start":{"line":4,"column":19},"end":{"line":4,"column":59}},"7":{"start":{"line":5,"column":17},"end":{"line":5,"column":55}},"8":{"start":{"line":6,"column":21},"end":{"line":6,"column":51}},"9":{"start":{"line":8,"column":16},"end":{"line":8,"column":92}},"10":{"start":{"line":10,"column":18},"end":{"line":10,"column":62}},"11":{"start":{"line":12,"column":19},"end":{"line":12,"column":69}},"12":{"start":{"line":13,"column":4},"end":{"line":13,"column":23}},"13":{"start":{"line":14,"column":4},"end":{"line":14,"column":59}},"14":{"start":{"line":16,"column":4},"end":{"line":16,"column":43}},"15":{"start":{"line":17,"column":4},"end":{"line":17,"column":19}},"16":{"start":{"line":21,"column":17},"end":{"line":21,"column":43}},"17":{"start":{"line":22,"column":18},"end":{"line":22,"column":55}},"18":{"start":{"line":23,"column":21},"end":{"line":23,"column":51}},"19":{"start":{"line":24,"column":18},"end":{"line":24,"column":45}},"20":{"start":{"line":25,"column":20},"end":{"line":25,"column":49}},"21":{"start":{"line":27,"column":22},"end":{"line":27,"column":63}},"22":{"start":{"line":29,"column":24},"end":{"line":29,"column":79}},"23":{"start":{"line":30,"column":4},"end":{"line":30,"column":32}},"24":{"start":{"line":31,"column":4},"end":{"line":31,"column":69}},"25":{"start":{"line":33,"column":4},"end":{"line":33,"column":47}},"26":{"start":{"line":34,"column":4},"end":{"line":34,"column":19}},"27":{"start":{"line":38,"column":17},"end":{"line":38,"column":43}},"28":{"start":{"line":39,"column":22},"end":{"line":39,"column":53}},"29":{"start":{"line":40,"column":20},"end":{"line":40,"column":59}},"30":{"start":{"line":42,"column":18},"end":{"line":42,"column":46}},"31":{"start":{"line":44,"column":19},"end":{"line":44,"column":75}},"32":{"start":{"line":45,"column":4},"end":{"line":45,"column":23}},"33":{"start":{"line":46,"column":4},"end":{"line":46,"column":65}},"34":{"start":{"line":48,"column":4},"end":{"line":48,"column":53}},"35":{"start":{"line":49,"column":4},"end":{"line":49,"column":19}},"36":{"start":{"line":53,"column":17},"end":{"line":53,"column":43}},"37":{"start":{"line":54,"column":26},"end":{"line":54,"column":61}},"38":{"start":{"line":55,"column":23},"end":{"line":55,"column":65}},"39":{"start":{"line":56,"column":18},"end":{"line":56,"column":57}},"40":{"start":{"line":57,"column":18},"end":{"line":57,"column":57}},"41":{"start":{"line":59,"column":22},"end":{"line":59,"column":71}},"42":{"start":{"line":61,"column":23},"end":{"line":61,"column":77}},"43":{"start":{"line":62,"column":4},"end":{"line":62,"column":31}},"44":{"start":{"line":63,"column":4},"end":{"line":63,"column":67}},"45":{"start":{"line":65,"column":4},"end":{"line":65,"column":47}},"46":{"start":{"line":66,"column":4},"end":{"line":66,"column":19}},"47":{"start":{"line":71,"column":50},"end":{"line":86,"column":6}},"48":{"start":{"line":88,"column":4},"end":{"line":88,"column":32}}},"fnMap":{"0":{"name":"salvarAluno","decl":{"start":{"line":1,"column":16},"end":{"line":1,"column":27}},"loc":{"start":{"line":1,"column":27},"end":{"line":18,"column":3}}},"1":{"name":"salvarInstrutor","decl":{"start":{"line":20,"column":18},"end":{"line":20,"column":33}},"loc":{"start":{"line":20,"column":33},"end":{"line":35,"column":3}}},"2":{"name":"salvarPlanoTreino","decl":{"start":{"line":37,"column":18},"end":{"line":37,"column":35}},"loc":{"start":{"line":37,"column":35},"end":{"line":50,"column":3}}},"3":{"name":"salvarExercicio","decl":{"start":{"line":52,"column":18},"end":{"line":52,"column":33}},"loc":{"start":{"line":52,"column":33},"end":{"line":67,"column":3}}},"4":{"name":"mockGetElementById","decl":{"start":{"line":70,"column":11},"end":{"line":70,"column":29}},"loc":{"start":{"line":70,"column":40},"end":{"line":89,"column":3}}}},"branchMap":{"0":{"loc":{"start":{"line":8,"column":16},"end":{"line":8,"column":92}},"type":"cond-expr","locations":[{"start":{"line":8,"column":47},"end":{"line":8,"column":52}},{"start":{"line":8,"column":55},"end":{"line":8,"column":92}}]},"1":{"loc":{"start":{"line":8,"column":16},"end":{"line":8,"column":44}},"type":"binary-expr","locations":[{"start":{"line":8,"column":16},"end":{"line":8,"column":27}},{"start":{"line":8,"column":31},"end":{"line":8,"column":44}}]},"2":{"loc":{"start":{"line":12,"column":30},"end":{"line":12,"column":68}},"type":"binary-expr","locations":[{"start":{"line":12,"column":30},"end":{"line":12,"column":60}},{"start":{"line":12,"column":64},"end":{"line":12,"column":68}}]},"3":{"loc":{"start":{"line":29,"column":35},"end":{"line":29,"column":78}},"type":"binary-expr","locations":[{"start":{"line":29,"column":35},"end":{"line":29,"column":70}},{"start":{"line":29,"column":74},"end":{"line":29,"column":78}}]},"4":{"loc":{"start":{"line":44,"column":30},"end":{"line":44,"column":74}},"type":"binary-expr","locations":[{"start":{"line":44,"column":30},"end":{"line":44,"column":66}},{"start":{"line":44,"column":70},"end":{"line":44,"column":74}}]},"5":{"loc":{"start":{"line":61,"column":34},"end":{"line":61,"column":76}},"type":"binary-expr","locations":[{"start":{"line":61,"column":34},"end":{"line":61,"column":68}},{"start":{"line":61,"column":72},"end":{"line":61,"column":76}}]},"6":{"loc":{"start":{"line":88,"column":11},"end":{"line":88,"column":31}},"type":"binary-expr","locations":[{"start":{"line":88,"column":11},"end":{"line":88,"column":25}},{"start":{"line":88,"column":29},"end":{"line":88,"column":31}}]}},"s":{"0":1,"1":1,"2":1,"3":1,"4":1,"5":1,"6":1,"7":1,"8":1,"9":1,"10":1,"11":1,"12":1,"13":1,"14":1,"15":1,"16":1,"17":1,"18":1,"19":1,"20":1,"21":1,"22":1,"23":1,"24":1,"25":1,"26":1,"27":1,"28":1,"29":1,"30":1,"31":1,"32":1,"33":1,"34":1,"35":1,"36":1,"37":1,"38":1,"39":1,"40":1,"41":1,"42":1,"43":1,"44":1,"45":1,"46":1,"47":18,"48":18},"f":{"0":1,"1":1,"2":1,"3":1,"4":18},"b":{"0":[0,1],"1":[1,1],"2":[1,1],"3":[1,1],"4":[1,1],"5":[1,1],"6":[18,0]}}
,"D:\\Usuarios\\20231144010038\\Downloads\\PRESSURE-GYM-master-main\\100-ruim-de-aturar\\codigo\\PROJETO-ACADEMIA-master\\TS\\pessoa.ts": {"path":"D:\\Usuarios\\20231144010038\\Downloads\\PRESSURE-GYM-master-main\\100-ruim-de-aturar\\codigo\\PROJETO-ACADEMIA-master\\TS\\pessoa.ts","statementMap":{"0":{"start":{"line":9,"column":6},"end":{"line":9,"column":43}},"1":{"start":{"line":11,"column":6},"end":{"line":11,"column":23}},"2":{"start":{"line":12,"column":6},"end":{"line":12,"column":25}},"3":{"start":{"line":13,"column":6},"end":{"line":13,"column":23}},"4":{"start":{"line":18,"column":6},"end":{"line":20,"column":7}},"5":{"start":{"line":19,"column":10},"end":{"line":19,"column":54}},"6":{"start":{"line":21,"column":6},"end":{"line":23,"column":7}},"7":{"start":{"line":22,"column":10},"end":{"line":22,"column":68}},"8":{"start":{"line":24,"column":6},"end":{"line":26,"column":7}},"9":{"start":{"line":25,"column":10},"end":{"line":25,"column":70}},"10":{"start":{"line":31,"column":6},"end":{"line":31,"column":40}},"11":{"start":{"line":32,"column":6},"end":{"line":32,"column":42}},"12":{"start":{"line":33,"column":6},"end":{"line":33,"column":40}},"13":{"start":{"line":1,"column":0},"end":{"line":1,"column":13}},"14":{"start":{"line":38,"column":0},"end":{"line":45,"column":1}},"15":{"start":{"line":39,"column":18},"end":{"line":39,"column":53}},"16":{"start":{"line":42,"column":2},"end":{"line":42,"column":30}},"17":{"start":{"line":44,"column":2},"end":{"line":44,"column":50}}},"fnMap":{"0":{"name":"(anonymous_0)","decl":{"start":{"line":7,"column":2},"end":{"line":7,"column":14}},"loc":{"start":{"line":7,"column":55},"end":{"line":14,"column":3}}},"1":{"name":"(anonymous_1)","decl":{"start":{"line":17,"column":10},"end":{"line":17,"column":22}},"loc":{"start":{"line":17,"column":64},"end":{"line":27,"column":3}}},"2":{"name":"(anonymous_2)","decl":{"start":{"line":30,"column":2},"end":{"line":30,"column":19}},"loc":{"start":{"line":30,"column":19},"end":{"line":34,"column":3}}}},"branchMap":{"0":{"loc":{"start":{"line":18,"column":6},"end":{"line":20,"column":7}},"type":"if","locations":[{"start":{"line":18,"column":6},"end":{"line":20,"column":7}}]},"1":{"loc":{"start":{"line":18,"column":10},"end":{"line":18,"column":37}},"type":"binary-expr","locations":[{"start":{"line":18,"column":10},"end":{"line":18,"column":15}},{"start":{"line":18,"column":19},"end":{"line":18,"column":37}}]},"2":{"loc":{"start":{"line":21,"column":6},"end":{"line":23,"column":7}},"type":"if","locations":[{"start":{"line":21,"column":6},"end":{"line":23,"column":7}}]},"3":{"loc":{"start":{"line":24,"column":6},"end":{"line":26,"column":7}},"type":"if","locations":[{"start":{"line":24,"column":6},"end":{"line":26,"column":7}}]},"4":{"loc":{"start":{"line":24,"column":10},"end":{"line":24,"column":53}},"type":"binary-expr","locations":[{"start":{"line":24,"column":10},"end":{"line":24,"column":30}},{"start":{"line":24,"column":34},"end":{"line":24,"column":53}}]}},"s":{"0":9,"1":9,"2":9,"3":9,"4":9,"5":0,"6":9,"7":0,"8":9,"9":0,"10":6,"11":6,"12":6,"13":2,"14":2,"15":2,"16":2,"17":0},"f":{"0":9,"1":9,"2":6},"b":{"0":[0],"1":[9,9],"2":[0],"3":[0],"4":[9,1]}}
}
