TN:
SF:codigo\PROJETO-ACADEMIA-master\TS\acesso-aluno.ts
FN:2,(anonymous_0)
FNF:1
FNH:1
FNDA:3,(anonymous_0)
DA:2,1
DA:3,3
DA:6,3
DA:10,3
DA:11,1
DA:13,2
DA:16,3
LF:7
LH:7
BRDA:3,0,0,3
BRDA:3,0,1,1
BRDA:10,1,0,1
BRDA:10,1,1,2
BRDA:10,2,0,3
BRDA:10,2,1,3
BRF:6
BRH:6
end_of_record
TN:
SF:codigo\PROJETO-ACADEMIA-master\TS\aluno.ts
FN:10,(anonymous_0)
FN:33,(anonymous_1)
FN:38,(anonymous_2)
FNF:3
FNH:3
FNDA:3,(anonymous_0)
FNDA:3,(anonymous_1)
FNDA:2,(anonymous_2)
DA:1,1
DA:2,1
DA:12,3
DA:15,3
DA:16,0
DA:18,3
DA:19,0
DA:21,3
DA:22,0
DA:25,3
DA:26,3
DA:27,3
DA:28,3
DA:29,3
DA:34,3
DA:39,2
DA:40,2
DA:41,2
DA:42,2
DA:43,2
DA:44,2
DA:45,2
DA:47,0
DA:53,1
DA:54,1
DA:56,1
DA:58,0
LF:27
LH:22
BRDA:15,0,0,0
BRDA:18,1,0,0
BRDA:18,2,0,3
BRDA:18,2,1,3
BRDA:21,3,0,0
BRDA:21,4,0,3
BRDA:21,4,1,3
BRF:7
BRH:4
end_of_record
TN:
SF:codigo\PROJETO-ACADEMIA-master\TS\cadastroAluno.ts
FN:8,(anonymous_0)
FN:14,(anonymous_1)
FN:29,(anonymous_2)
FN:49,(anonymous_3)
FN:60,validarCPF
FN:65,mostrarMensagem
FNF:6
FNH:5
FNDA:4,(anonymous_0)
FNDA:2,(anonymous_1)
FNDA:2,(anonymous_2)
FNDA:1,(anonymous_3)
FNDA:2,validarCPF
FNDA:0,mostrarMensagem
DA:3,1
DA:9,4
DA:10,4
DA:11,4
DA:15,2
DA:16,2
DA:17,2
DA:21,1
DA:40,2
DA:41,2
DA:42,2
DA:43,2
DA:44,2
DA:45,2
DA:46,2
DA:50,1
DA:51,1
DA:52,1
DA:53,1
DA:54,1
DA:55,1
DA:56,1
DA:60,1
DA:61,2
DA:62,2
DA:65,1
DA:66,0
DA:69,1
LF:28
LH:27
BRF:0
BRH:0
end_of_record
TN:
SF:codigo\PROJETO-ACADEMIA-master\TS\exercícios.ts
FN:11,(anonymous_0)
FN:25,(anonymous_1)
FNF:2
FNH:2
FNDA:8,(anonymous_0)
FNDA:4,(anonymous_1)
DA:2,1
DA:12,8
DA:13,8
DA:14,8
DA:15,5
DA:17,8
DA:18,3
DA:19,3
DA:21,8
DA:26,4
DA:27,4
DA:28,4
DA:29,3
DA:31,4
DA:32,1
DA:33,1
DA:35,4
DA:36,3
DA:41,1
DA:42,1
DA:45,1
DA:46,1
DA:47,1
DA:49,1
DA:50,1
DA:52,0
LF:26
LH:25
BRDA:14,0,0,5
BRDA:14,1,0,8
BRDA:14,1,1,5
BRDA:17,2,0,3
BRDA:17,3,0,8
BRDA:17,3,1,3
BRDA:17,3,2,3
BRDA:28,4,0,3
BRDA:28,5,0,4
BRDA:28,5,1,3
BRDA:31,6,0,1
BRDA:31,7,0,4
BRDA:31,7,1,1
BRDA:31,7,2,1
BRDA:35,8,0,3
BRF:15
BRH:15
end_of_record
TN:
SF:codigo\PROJETO-ACADEMIA-master\TS\novos-saves.ts
FN:1,salvarAluno
FN:20,salvarInstrutor
FN:37,salvarPlanoTreino
FN:52,salvarExercicio
FN:70,mockGetElementById
FNF:5
FNH:5
FNDA:1,salvarAluno
FNDA:1,salvarInstrutor
FNDA:1,salvarPlanoTreino
FNDA:1,salvarExercicio
FNDA:18,mockGetElementById
DA:1,1
DA:2,1
DA:3,1
DA:4,1
DA:5,1
DA:6,1
DA:8,1
DA:10,1
DA:12,1
DA:13,1
DA:14,1
DA:16,1
DA:17,1
DA:20,1
DA:21,1
DA:22,1
DA:23,1
DA:24,1
DA:25,1
DA:27,1
DA:29,1
DA:30,1
DA:31,1
DA:33,1
DA:34,1
DA:37,1
DA:38,1
DA:39,1
DA:40,1
DA:42,1
DA:44,1
DA:45,1
DA:46,1
DA:48,1
DA:49,1
DA:52,1
DA:53,1
DA:54,1
DA:55,1
DA:56,1
DA:57,1
DA:59,1
DA:61,1
DA:62,1
DA:63,1
DA:65,1
DA:66,1
DA:71,18
DA:88,18
LF:49
LH:49
BRDA:8,0,0,0
BRDA:8,0,1,1
BRDA:8,1,0,1
BRDA:8,1,1,1
BRDA:12,2,0,1
BRDA:12,2,1,1
BRDA:29,3,0,1
BRDA:29,3,1,1
BRDA:44,4,0,1
BRDA:44,4,1,1
BRDA:61,5,0,1
BRDA:61,5,1,1
BRDA:88,6,0,18
BRDA:88,6,1,0
BRF:14
BRH:12
end_of_record
TN:
SF:codigo\PROJETO-ACADEMIA-master\TS\pessoa.ts
FN:7,(anonymous_0)
FN:17,(anonymous_1)
FN:30,(anonymous_2)
FNF:3
FNH:3
FNDA:9,(anonymous_0)
FNDA:9,(anonymous_1)
FNDA:6,(anonymous_2)
DA:1,2
DA:9,9
DA:11,9
DA:12,9
DA:13,9
DA:18,9
DA:19,0
DA:21,9
DA:22,0
DA:24,9
DA:25,0
DA:31,6
DA:32,6
DA:33,6
DA:38,2
DA:39,2
DA:42,2
DA:44,0
LF:18
LH:14
BRDA:18,0,0,0
BRDA:18,1,0,9
BRDA:18,1,1,9
BRDA:21,2,0,0
BRDA:24,3,0,0
BRDA:24,4,0,9
BRDA:24,4,1,1
BRF:7
BRH:4
end_of_record
